<?xml version="1.0" encoding="UTF-8"?>
<!-- Generated by org.testng.reporters.JUnitReportReporter -->
<testsuite hostname="INLEN8520046594" failures="0" tests="16" name="test.scenarious.Test_Ninja" time="56.449" errors="0" timestamp="2022-12-07T10:47:36 IST" skipped="0">
  <testcase classname="test.scenarious.Test_Ninja" name="readConfig" time="0.002"/>
  <system-out/>
  <testcase classname="test.scenarious.Test_Ninja" name="readConfig" time="0.020"/>
  <system-out/>
  <testcase classname="test.scenarious.Test_Ninja" name="setUp" time="5.133"/>
  <system-out/>
  <testcase classname="test.scenarious.Test_Ninja" name="setUp" time="3.516"/>
  <system-out/>
  <testcase classname="test.scenarious.Test_Ninja" name="openBrowsers" time="1.560"/>
  <system-out/>
  <testcase classname="test.scenarious.Test_Ninja" name="openBrowsers" time="1.854"/>
  <system-out/>
  <testcase classname="test.scenarious.Test_Ninja" name="register" time="3.264"/>
  <system-out/>
  <testcase classname="test.scenarious.Test_Ninja" name="register" time="4.168"/>
  <system-out/>
  <testcase classname="test.scenarious.Test_Ninja" name="login" time="3.484"/>
  <system-out/>
  <testcase classname="test.scenarious.Test_Ninja" name="login" time="3.110"/>
  <system-out/>
  <testcase classname="test.scenarious.Test_Ninja" name="products" time="13.545"/>
  <system-out/>
  <testcase classname="test.scenarious.Test_Ninja" name="products" time="13.626"/>
  <system-out/>
  <testcase classname="test.scenarious.Test_Ninja" name="Cart_Page" time="1.616"/>
  <system-out/>
  <testcase classname="test.scenarious.Test_Ninja" name="Cart_Page" time="1.085"/>
  <system-out/>
  <testcase classname="test.scenarious.Test_Ninja" name="Screenshot" time="0.202"/>
  <system-out/>
  <testcase classname="test.scenarious.Test_Ninja" name="Screenshot" time="0.264"/>
  <system-out/>
</testsuite> <!-- test.scenarious.Test_Ninja -->
